  TCPClient.cpp
c:\users\keyjj\documents\github\universityhomework\(3-1)게임서버 실습1(c, c++)\190603 finalproject4\finalclient\player.h(20): warning C4996: 'strcpy': This function or variable may be unsafe. Consider using strcpy_s instead. To disable deprecation, use _CRT_SECURE_NO_WARNINGS. See online help for details.
  c:\program files (x86)\windows kits\10\include\10.0.10240.0\ucrt\string.h(119): note: 'strcpy' 선언을 참조하십시오.
c:\users\keyjj\documents\github\universityhomework\(3-1)게임서버 실습1(c, c++)\190603 finalproject4\finalclient\tcpclient.cpp(127): warning C4101: 'len' :참조되지 않은 지역 변수입니다.
c:\users\keyjj\documents\github\universityhomework\(3-1)게임서버 실습1(c, c++)\190603 finalproject4\finalclient\tcpclient.cpp(196): warning C4244: '인수': 'time_t'에서 'unsigned int'(으)로 변환하면서 데이터가 손실될 수 있습니다.
c:\users\keyjj\documents\github\universityhomework\(3-1)게임서버 실습1(c, c++)\190603 finalproject4\finalclient\tcpclient.cpp(257): warning C4800: 'char': 'true' 또는 'false'로 bool 값을 강제하고 있습니다(성능 경고).
c:\users\keyjj\documents\github\universityhomework\(3-1)게임서버 실습1(c, c++)\190603 finalproject4\finalclient\tcpclient.cpp(215): warning C4996: 'inet_addr': Use inet_pton() or InetPton() instead or define _WINSOCK_DEPRECATED_NO_WARNINGS to disable deprecated API warnings
  c:\program files (x86)\windows kits\8.1\include\um\winsock2.h(1850): note: 'inet_addr' 선언을 참조하십시오.
c:\users\keyjj\documents\github\universityhomework\(3-1)게임서버 실습1(c, c++)\190603 finalproject4\finalclient\tcpclient.cpp(228): warning C4996: 'scanf': This function or variable may be unsafe. Consider using scanf_s instead. To disable deprecation, use _CRT_SECURE_NO_WARNINGS. See online help for details.
  c:\program files (x86)\windows kits\10\include\10.0.10240.0\ucrt\stdio.h(1270): note: 'scanf' 선언을 참조하십시오.
c:\users\keyjj\documents\github\universityhomework\(3-1)게임서버 실습1(c, c++)\190603 finalproject4\finalclient\tcpclient.cpp(248): warning C4996: 'scanf': This function or variable may be unsafe. Consider using scanf_s instead. To disable deprecation, use _CRT_SECURE_NO_WARNINGS. See online help for details.
  c:\program files (x86)\windows kits\10\include\10.0.10240.0\ucrt\stdio.h(1270): note: 'scanf' 선언을 참조하십시오.
c:\users\keyjj\documents\github\universityhomework\(3-1)게임서버 실습1(c, c++)\190603 finalproject4\finalclient\tcpclient.cpp(250): warning C4996: 'scanf': This function or variable may be unsafe. Consider using scanf_s instead. To disable deprecation, use _CRT_SECURE_NO_WARNINGS. See online help for details.
  c:\program files (x86)\windows kits\10\include\10.0.10240.0\ucrt\stdio.h(1270): note: 'scanf' 선언을 참조하십시오.
c:\users\keyjj\documents\github\universityhomework\(3-1)게임서버 실습1(c, c++)\190603 finalproject4\finalclient\tcpclient.cpp(265): warning C4996: 'scanf': This function or variable may be unsafe. Consider using scanf_s instead. To disable deprecation, use _CRT_SECURE_NO_WARNINGS. See online help for details.
  c:\program files (x86)\windows kits\10\include\10.0.10240.0\ucrt\stdio.h(1270): note: 'scanf' 선언을 참조하십시오.
c:\users\keyjj\documents\github\universityhomework\(3-1)게임서버 실습1(c, c++)\190603 finalproject4\finalclient\tcpclient.cpp(267): warning C4996: 'scanf': This function or variable may be unsafe. Consider using scanf_s instead. To disable deprecation, use _CRT_SECURE_NO_WARNINGS. See online help for details.
  c:\program files (x86)\windows kits\10\include\10.0.10240.0\ucrt\stdio.h(1270): note: 'scanf' 선언을 참조하십시오.
c:\users\keyjj\documents\github\universityhomework\(3-1)게임서버 실습1(c, c++)\190603 finalproject4\finalclient\tcpclient.cpp(298): warning C4996: 'inet_addr': Use inet_pton() or InetPton() instead or define _WINSOCK_DEPRECATED_NO_WARNINGS to disable deprecated API warnings
  c:\program files (x86)\windows kits\8.1\include\um\winsock2.h(1850): note: 'inet_addr' 선언을 참조하십시오.
c:\users\keyjj\documents\github\universityhomework\(3-1)게임서버 실습1(c, c++)\190603 finalproject4\finalclient\tcpclient.cpp(310): warning C4996: 'strcpy': This function or variable may be unsafe. Consider using strcpy_s instead. To disable deprecation, use _CRT_SECURE_NO_WARNINGS. See online help for details.
  c:\program files (x86)\windows kits\10\include\10.0.10240.0\ucrt\string.h(119): note: 'strcpy' 선언을 참조하십시오.
c:\users\keyjj\documents\github\universityhomework\(3-1)게임서버 실습1(c, c++)\190603 finalproject4\finalclient\tcpclient.cpp(222): warning C4101: 'len' :참조되지 않은 지역 변수입니다.
c:\users\keyjj\documents\github\universityhomework\(3-1)게임서버 실습1(c, c++)\190603 finalproject4\finalclient\tcpclient.cpp(327): warning C4101: 'message' :참조되지 않은 지역 변수입니다.
c:\users\keyjj\documents\github\universityhomework\(3-1)게임서버 실습1(c, c++)\190603 finalproject4\finalclient\tcpclient.cpp(221): warning C4101: 'buf' :참조되지 않은 지역 변수입니다.
  FinalClient.vcxproj -> C:\Users\keyjj\Documents\GitHub\UniversityHomeWork\(3-1)게임서버 실습1(C, C++)\190603 FinalProject4\Debug\FinalClient.exe
  FinalClient.vcxproj -> C:\Users\keyjj\Documents\GitHub\UniversityHomeWork\(3-1)게임서버 실습1(C, C++)\190603 FinalProject4\Debug\FinalClient.pdb (Full PDB)
