c:\users\keyjj\documents\github\universityhomework\(3-1)게임서버 실습1(c, c++)\190603 finalproject\finalclient\debug\vc140.pdb
c:\users\keyjj\documents\github\universityhomework\(3-1)게임서버 실습1(c, c++)\190603 finalproject\finalclient\debug\vc140.idb
c:\users\keyjj\documents\github\universityhomework\(3-1)게임서버 실습1(c, c++)\190603 finalproject\finalclient\debug\tcpclient.obj
c:\users\keyjj\documents\github\universityhomework\(3-1)게임서버 실습1(c, c++)\190603 finalproject2\finalclient\debug\vc140.pdb
c:\users\keyjj\documents\github\universityhomework\(3-1)게임서버 실습1(c, c++)\190603 finalproject2\finalclient\debug\vc140.idb
c:\users\keyjj\documents\github\universityhomework\(3-1)게임서버 실습1(c, c++)\190603 finalproject2\finalclient\debug\tcpclient.obj
c:\users\keyjj\documents\github\universityhomework\(3-1)게임서버 실습1(c, c++)\190603 finalproject3\finalclient\debug\vc140.pdb
c:\users\keyjj\documents\github\universityhomework\(3-1)게임서버 실습1(c, c++)\190603 finalproject3\finalclient\debug\vc140.idb
c:\users\keyjj\documents\github\universityhomework\(3-1)게임서버 실습1(c, c++)\190603 finalproject3\finalclient\debug\tcpclient.obj
c:\users\keyjj\documents\github\universityhomework\(3-1)게임서버 실습1(c, c++)\190603 finalproject3\finalclient\debug\player.obj
c:\users\keyjj\documents\github\universityhomework\(3-1)게임서버 실습1(c, c++)\190603 finalproject3\finalclient\debug\logs.obj
c:\users\keyjj\documents\github\universityhomework\(3-1)게임서버 실습1(c, c++)\190603 finalproject4\finalclient\debug\vc140.pdb
c:\users\keyjj\documents\github\universityhomework\(3-1)게임서버 실습1(c, c++)\190603 finalproject4\finalclient\debug\vc140.idb
c:\users\keyjj\documents\github\universityhomework\(3-1)게임서버 실습1(c, c++)\190603 finalproject4\finalclient\debug\logs.obj
c:\users\keyjj\documents\github\universityhomework\(3-1)게임서버 실습1(c, c++)\190603 finalproject4\finalclient\debug\player.obj
c:\users\keyjj\documents\github\universityhomework\(3-1)게임서버 실습1(c, c++)\190603 finalproject4\finalclient\debug\tcpclient.obj
c:\users\keyjj\documents\github\universityhomework\(3-1)게임서버 실습1(c, c++)\190603 finalproject\debug\finalclient.ilk
c:\users\keyjj\documents\github\universityhomework\(3-1)게임서버 실습1(c, c++)\190603 finalproject\debug\finalclient.exe
c:\users\keyjj\documents\github\universityhomework\(3-1)게임서버 실습1(c, c++)\190603 finalproject\debug\finalclient.pdb
c:\users\keyjj\documents\github\universityhomework\(3-1)게임서버 실습1(c, c++)\190603 finalproject2\debug\finalclient.ilk
c:\users\keyjj\documents\github\universityhomework\(3-1)게임서버 실습1(c, c++)\190603 finalproject2\debug\finalclient.exe
c:\users\keyjj\documents\github\universityhomework\(3-1)게임서버 실습1(c, c++)\190603 finalproject2\debug\finalclient.pdb
c:\users\keyjj\documents\github\universityhomework\(3-1)게임서버 실습1(c, c++)\190603 finalproject3\debug\finalclient.ilk
c:\users\keyjj\documents\github\universityhomework\(3-1)게임서버 실습1(c, c++)\190603 finalproject3\debug\finalclient.exe
c:\users\keyjj\documents\github\universityhomework\(3-1)게임서버 실습1(c, c++)\190603 finalproject3\debug\finalclient.pdb
c:\users\keyjj\documents\github\universityhomework\(3-1)게임서버 실습1(c, c++)\190603 finalproject4\debug\finalclient.ilk
c:\users\keyjj\documents\github\universityhomework\(3-1)게임서버 실습1(c, c++)\190603 finalproject4\debug\finalclient.exe
c:\users\keyjj\documents\github\universityhomework\(3-1)게임서버 실습1(c, c++)\190603 finalproject4\debug\finalclient.pdb
c:\users\keyjj\documents\github\universityhomework\(3-1)게임서버 실습1(c, c++)\190603 finalproject4\finalclient\debug\finalclient.tlog\cl.command.1.tlog
c:\users\keyjj\documents\github\universityhomework\(3-1)게임서버 실습1(c, c++)\190603 finalproject4\finalclient\debug\finalclient.tlog\cl.read.1.tlog
c:\users\keyjj\documents\github\universityhomework\(3-1)게임서버 실습1(c, c++)\190603 finalproject4\finalclient\debug\finalclient.tlog\cl.write.1.tlog
c:\users\keyjj\documents\github\universityhomework\(3-1)게임서버 실습1(c, c++)\190603 finalproject4\finalclient\debug\finalclient.tlog\link.command.1.tlog
c:\users\keyjj\documents\github\universityhomework\(3-1)게임서버 실습1(c, c++)\190603 finalproject4\finalclient\debug\finalclient.tlog\link.read.1.tlog
c:\users\keyjj\documents\github\universityhomework\(3-1)게임서버 실습1(c, c++)\190603 finalproject4\finalclient\debug\finalclient.tlog\link.write.1.tlog
