c:\users\keyjj\documents\github\seunghoonjung\(3-1)컴퓨터 그래픽스 실습(1) 프로젝트\graphics hw3\graphics hw3\x64\debug\vc141.pdb
c:\users\keyjj\documents\github\seunghoonjung\(3-1)컴퓨터 그래픽스 실습(1) 프로젝트\graphics hw3\graphics hw3\x64\debug\vc141.idb
c:\users\keyjj\documents\github\seunghoonjung\(3-1)컴퓨터 그래픽스 실습(1) 프로젝트\graphics hw3\graphics hw3\x64\debug\textclass.obj
c:\users\keyjj\documents\github\seunghoonjung\(3-1)컴퓨터 그래픽스 실습(1) 프로젝트\graphics hw3\graphics hw3\x64\debug\systemclass.obj
c:\users\keyjj\documents\github\seunghoonjung\(3-1)컴퓨터 그래픽스 실습(1) 프로젝트\graphics hw3\graphics hw3\x64\debug\modelclass.obj
c:\users\keyjj\documents\github\seunghoonjung\(3-1)컴퓨터 그래픽스 실습(1) 프로젝트\graphics hw3\graphics hw3\x64\debug\main.obj
c:\users\keyjj\documents\github\seunghoonjung\(3-1)컴퓨터 그래픽스 실습(1) 프로젝트\graphics hw3\graphics hw3\x64\debug\inputclass.obj
c:\users\keyjj\documents\github\seunghoonjung\(3-1)컴퓨터 그래픽스 실습(1) 프로젝트\graphics hw3\graphics hw3\x64\debug\graphicsclass.obj
c:\users\keyjj\documents\github\seunghoonjung\(3-1)컴퓨터 그래픽스 실습(1) 프로젝트\graphics hw3\graphics hw3\x64\debug\d3dclass.obj
c:\users\keyjj\documents\github\seunghoonjung\(3-1)컴퓨터 그래픽스 실습(1) 프로젝트\graphics hw3\graphics hw3\x64\debug\textureshaderclass.obj
c:\users\keyjj\documents\github\seunghoonjung\(3-1)컴퓨터 그래픽스 실습(1) 프로젝트\graphics hw3\graphics hw3\x64\debug\cameraclass.obj
c:\users\keyjj\documents\github\seunghoonjung\(3-1)컴퓨터 그래픽스 실습(1) 프로젝트\graphics hw3\x64\debug\graphics hw3.exe
c:\users\keyjj\documents\github\seunghoonjung\(3-1)컴퓨터 그래픽스 실습(1) 프로젝트\graphics hw3\x64\debug\graphics hw3.ilk
c:\users\keyjj\documents\github\seunghoonjung\(3-1)컴퓨터 그래픽스 실습(1) 프로젝트\graphics hw3\x64\debug\graphics hw3.pdb
c:\users\keyjj\documents\github\seunghoonjung\(3-1)컴퓨터 그래픽스 실습(1) 프로젝트\graphics hw3\graphics hw3\x64\debug\graphics hw3.tlog\cl.command.1.tlog
c:\users\keyjj\documents\github\seunghoonjung\(3-1)컴퓨터 그래픽스 실습(1) 프로젝트\graphics hw3\graphics hw3\x64\debug\graphics hw3.tlog\cl.read.1.tlog
c:\users\keyjj\documents\github\seunghoonjung\(3-1)컴퓨터 그래픽스 실습(1) 프로젝트\graphics hw3\graphics hw3\x64\debug\graphics hw3.tlog\cl.write.1.tlog
c:\users\keyjj\documents\github\seunghoonjung\(3-1)컴퓨터 그래픽스 실습(1) 프로젝트\graphics hw3\graphics hw3\x64\debug\graphics hw3.tlog\link.command.1.tlog
c:\users\keyjj\documents\github\seunghoonjung\(3-1)컴퓨터 그래픽스 실습(1) 프로젝트\graphics hw3\graphics hw3\x64\debug\graphics hw3.tlog\link.read.1.tlog
c:\users\keyjj\documents\github\seunghoonjung\(3-1)컴퓨터 그래픽스 실습(1) 프로젝트\graphics hw3\graphics hw3\x64\debug\graphics hw3.tlog\link.write.1.tlog
