c:\users\keyjj\documents\github\universityhomework\(3-1)게임서버 실습1(c, c++)\190603 finalproject\gameserver\debug\vc140.pdb
c:\users\keyjj\documents\github\universityhomework\(3-1)게임서버 실습1(c, c++)\190603 finalproject\gameserver\debug\vc140.idb
c:\users\keyjj\documents\github\universityhomework\(3-1)게임서버 실습1(c, c++)\190603 finalproject\gameserver\debug\multithreadtcpserver.obj
c:\users\keyjj\documents\github\universityhomework\(3-1)게임서버 실습1(c, c++)\190603 finalproject\gameserver\debug\multithreadtcpgameserver.obj
c:\users\keyjj\documents\github\universityhomework\(3-1)게임서버 실습1(c, c++)\190603 finalproject2\gameserver\debug\vc140.pdb
c:\users\keyjj\documents\github\universityhomework\(3-1)게임서버 실습1(c, c++)\190603 finalproject2\gameserver\debug\vc140.idb
c:\users\keyjj\documents\github\universityhomework\(3-1)게임서버 실습1(c, c++)\190603 finalproject2\gameserver\debug\multithreadtcpgameserver.obj
c:\users\keyjj\documents\github\universityhomework\(3-1)게임서버 실습1(c, c++)\190603 finalproject3\gameserver\debug\vc140.pdb
c:\users\keyjj\documents\github\universityhomework\(3-1)게임서버 실습1(c, c++)\190603 finalproject3\gameserver\debug\vc140.idb
c:\users\keyjj\documents\github\universityhomework\(3-1)게임서버 실습1(c, c++)\190603 finalproject3\gameserver\debug\multithreadtcpgameserver.obj
c:\users\keyjj\documents\github\universityhomework\(3-1)게임서버 실습1(c, c++)\190603 finalproject4\gameserver\debug\vc140.pdb
c:\users\keyjj\documents\github\universityhomework\(3-1)게임서버 실습1(c, c++)\190603 finalproject4\gameserver\debug\vc140.idb
c:\users\keyjj\documents\github\universityhomework\(3-1)게임서버 실습1(c, c++)\190603 finalproject4\gameserver\debug\multithreadtcpgameserver.obj
c:\users\keyjj\documents\github\universityhomework\(3-1)게임서버 실습1(c, c++)\190603 finalproject\debug\gameserver.ilk
c:\users\keyjj\documents\github\universityhomework\(3-1)게임서버 실습1(c, c++)\190603 finalproject\debug\gameserver.exe
c:\users\keyjj\documents\github\universityhomework\(3-1)게임서버 실습1(c, c++)\190603 finalproject\debug\gameserver.pdb
c:\users\keyjj\documents\github\universityhomework\(3-1)게임서버 실습1(c, c++)\190603 finalproject2\debug\gameserver.ilk
c:\users\keyjj\documents\github\universityhomework\(3-1)게임서버 실습1(c, c++)\190603 finalproject2\debug\gameserver.exe
c:\users\keyjj\documents\github\universityhomework\(3-1)게임서버 실습1(c, c++)\190603 finalproject2\debug\gameserver.pdb
c:\users\keyjj\documents\github\universityhomework\(3-1)게임서버 실습1(c, c++)\190603 finalproject3\debug\gameserver.ilk
c:\users\keyjj\documents\github\universityhomework\(3-1)게임서버 실습1(c, c++)\190603 finalproject3\debug\gameserver.exe
c:\users\keyjj\documents\github\universityhomework\(3-1)게임서버 실습1(c, c++)\190603 finalproject3\debug\gameserver.pdb
c:\users\keyjj\documents\github\universityhomework\(3-1)게임서버 실습1(c, c++)\190603 finalproject4\debug\gameserver.ilk
c:\users\keyjj\documents\github\universityhomework\(3-1)게임서버 실습1(c, c++)\190603 finalproject4\debug\gameserver.exe
c:\users\keyjj\documents\github\universityhomework\(3-1)게임서버 실습1(c, c++)\190603 finalproject4\debug\gameserver.pdb
c:\users\keyjj\documents\github\universityhomework\(3-1)게임서버 실습1(c, c++)\190603 finalproject4\gameserver\debug\multithreadtcpserver.obj
c:\users\keyjj\documents\github\universityhomework\(3-1)게임서버 실습1(c, c++)\190603 finalproject4\gameserver\debug\gameserver.tlog\cl.command.1.tlog
c:\users\keyjj\documents\github\universityhomework\(3-1)게임서버 실습1(c, c++)\190603 finalproject4\gameserver\debug\gameserver.tlog\cl.read.1.tlog
c:\users\keyjj\documents\github\universityhomework\(3-1)게임서버 실습1(c, c++)\190603 finalproject4\gameserver\debug\gameserver.tlog\cl.write.1.tlog
c:\users\keyjj\documents\github\universityhomework\(3-1)게임서버 실습1(c, c++)\190603 finalproject4\gameserver\debug\gameserver.tlog\link.command.1.tlog
c:\users\keyjj\documents\github\universityhomework\(3-1)게임서버 실습1(c, c++)\190603 finalproject4\gameserver\debug\gameserver.tlog\link.read.1.tlog
c:\users\keyjj\documents\github\universityhomework\(3-1)게임서버 실습1(c, c++)\190603 finalproject4\gameserver\debug\gameserver.tlog\link.write.1.tlog
