  graphicsclass.cpp
c:\users\keyjj\documents\github\seunghoonjung\(3-1)컴퓨터 그래픽스 실습(1) 프로젝트\directx_tutorial2\directx_tutorial\graphicsclass.h(14): warning C4067: 전처리기 지시문 다음에 예기치 않은 토큰이 있습니다. 줄 바꿈 문자가 필요합니다.
c:\users\keyjj\documents\github\seunghoonjung\(3-1)컴퓨터 그래픽스 실습(1) 프로젝트\directx_tutorial2\directx_tutorial\graphicsclass.h(44): error C2143: 구문 오류: ';'이(가) '*' 앞에 없습니다.
c:\users\keyjj\documents\github\seunghoonjung\(3-1)컴퓨터 그래픽스 실습(1) 프로젝트\directx_tutorial2\directx_tutorial\graphicsclass.h(44): error C4430: 형식 지정자가 없습니다. int로 가정합니다. 참고: C++에서는 기본 int를 지원하지 않습니다.
c:\users\keyjj\documents\github\seunghoonjung\(3-1)컴퓨터 그래픽스 실습(1) 프로젝트\directx_tutorial2\directx_tutorial\graphicsclass.h(44): error C2238: ';' 앞에 예기치 않은 토큰이 있습니다.
c:\users\keyjj\documents\github\seunghoonjung\(3-1)컴퓨터 그래픽스 실습(1) 프로젝트\directx_tutorial2\directx_tutorial\graphicsclass.cpp(9): error C2065: 'm_Camera': 선언되지 않은 식별자입니다.
c:\users\keyjj\documents\github\seunghoonjung\(3-1)컴퓨터 그래픽스 실습(1) 프로젝트\directx_tutorial2\directx_tutorial\graphicsclass.cpp(25): error C2065: 'm_Camera': 선언되지 않은 식별자입니다.
c:\users\keyjj\documents\github\seunghoonjung\(3-1)컴퓨터 그래픽스 실습(1) 프로젝트\directx_tutorial2\directx_tutorial\graphicsclass.cpp(25): error C2061: 구문 오류: 식별자 'CameraClass'
c:\users\keyjj\documents\github\seunghoonjung\(3-1)컴퓨터 그래픽스 실습(1) 프로젝트\directx_tutorial2\directx_tutorial\graphicsclass.cpp(47): error C2065: 'm_Camera': 선언되지 않은 식별자입니다.
c:\users\keyjj\documents\github\seunghoonjung\(3-1)컴퓨터 그래픽스 실습(1) 프로젝트\directx_tutorial2\directx_tutorial\graphicsclass.cpp(53): error C2065: 'm_Camera': 선언되지 않은 식별자입니다.
c:\users\keyjj\documents\github\seunghoonjung\(3-1)컴퓨터 그래픽스 실습(1) 프로젝트\directx_tutorial2\directx_tutorial\graphicsclass.cpp(110): error C2065: 'm_Camera': 선언되지 않은 식별자입니다.
c:\users\keyjj\documents\github\seunghoonjung\(3-1)컴퓨터 그래픽스 실습(1) 프로젝트\directx_tutorial2\directx_tutorial\graphicsclass.cpp(112): error C2065: 'm_Camera': 선언되지 않은 식별자입니다.
c:\users\keyjj\documents\github\seunghoonjung\(3-1)컴퓨터 그래픽스 실습(1) 프로젝트\directx_tutorial2\directx_tutorial\graphicsclass.cpp(112): error C2541: 'delete': 포인터가 아닌 개체를 삭제할 수 없습니다.
c:\users\keyjj\documents\github\seunghoonjung\(3-1)컴퓨터 그래픽스 실습(1) 프로젝트\directx_tutorial2\directx_tutorial\graphicsclass.cpp(113): error C2065: 'm_Camera': 선언되지 않은 식별자입니다.
c:\users\keyjj\documents\github\seunghoonjung\(3-1)컴퓨터 그래픽스 실습(1) 프로젝트\directx_tutorial2\directx_tutorial\graphicsclass.cpp(146): error C2065: 'm_Camera': 선언되지 않은 식별자입니다.
c:\users\keyjj\documents\github\seunghoonjung\(3-1)컴퓨터 그래픽스 실습(1) 프로젝트\directx_tutorial2\directx_tutorial\graphicsclass.cpp(149): error C2065: 'm_Camera': 선언되지 않은 식별자입니다.
  main.cpp
c:\users\keyjj\documents\github\seunghoonjung\(3-1)컴퓨터 그래픽스 실습(1) 프로젝트\directx_tutorial2\directx_tutorial\graphicsclass.h(14): warning C4067: 전처리기 지시문 다음에 예기치 않은 토큰이 있습니다. 줄 바꿈 문자가 필요합니다.
c:\users\keyjj\documents\github\seunghoonjung\(3-1)컴퓨터 그래픽스 실습(1) 프로젝트\directx_tutorial2\directx_tutorial\graphicsclass.h(44): error C2143: 구문 오류: ';'이(가) '*' 앞에 없습니다.
c:\users\keyjj\documents\github\seunghoonjung\(3-1)컴퓨터 그래픽스 실습(1) 프로젝트\directx_tutorial2\directx_tutorial\graphicsclass.h(44): error C4430: 형식 지정자가 없습니다. int로 가정합니다. 참고: C++에서는 기본 int를 지원하지 않습니다.
c:\users\keyjj\documents\github\seunghoonjung\(3-1)컴퓨터 그래픽스 실습(1) 프로젝트\directx_tutorial2\directx_tutorial\graphicsclass.h(44): error C2238: ';' 앞에 예기치 않은 토큰이 있습니다.
  systemclass.cpp
c:\users\keyjj\documents\github\seunghoonjung\(3-1)컴퓨터 그래픽스 실습(1) 프로젝트\directx_tutorial2\directx_tutorial\graphicsclass.h(14): warning C4067: 전처리기 지시문 다음에 예기치 않은 토큰이 있습니다. 줄 바꿈 문자가 필요합니다.
c:\users\keyjj\documents\github\seunghoonjung\(3-1)컴퓨터 그래픽스 실습(1) 프로젝트\directx_tutorial2\directx_tutorial\graphicsclass.h(44): error C2143: 구문 오류: ';'이(가) '*' 앞에 없습니다.
c:\users\keyjj\documents\github\seunghoonjung\(3-1)컴퓨터 그래픽스 실습(1) 프로젝트\directx_tutorial2\directx_tutorial\graphicsclass.h(44): error C4430: 형식 지정자가 없습니다. int로 가정합니다. 참고: C++에서는 기본 int를 지원하지 않습니다.
c:\users\keyjj\documents\github\seunghoonjung\(3-1)컴퓨터 그래픽스 실습(1) 프로젝트\directx_tutorial2\directx_tutorial\graphicsclass.h(44): error C2238: ';' 앞에 예기치 않은 토큰이 있습니다.
  코드를 생성하고 있습니다...
