  MultithreadTCPServer.cpp
c:\users\keyjj\documents\github\universityhomework\(3-1)게임서버 실습1(c, c++)\190603 finalproject4\190603 finalproject\multithreadtcpserver.cpp(73): warning C4996: 'itoa': The POSIX name for this item is deprecated. Instead, use the ISO C and C++ conformant name: _itoa. See online help for details.
  c:\program files (x86)\windows kits\10\include\10.0.10240.0\ucrt\stdlib.h(1316): note: 'itoa' 선언을 참조하십시오.
c:\users\keyjj\documents\github\universityhomework\(3-1)게임서버 실습1(c, c++)\190603 finalproject4\190603 finalproject\multithreadtcpserver.cpp(105): warning C4996: 'strcpy': This function or variable may be unsafe. Consider using strcpy_s instead. To disable deprecation, use _CRT_SECURE_NO_WARNINGS. See online help for details.
  c:\program files (x86)\windows kits\10\include\10.0.10240.0\ucrt\string.h(119): note: 'strcpy' 선언을 참조하십시오.
c:\users\keyjj\documents\github\universityhomework\(3-1)게임서버 실습1(c, c++)\190603 finalproject4\190603 finalproject\multithreadtcpserver.cpp(107): warning C4996: 'strcpy': This function or variable may be unsafe. Consider using strcpy_s instead. To disable deprecation, use _CRT_SECURE_NO_WARNINGS. See online help for details.
  c:\program files (x86)\windows kits\10\include\10.0.10240.0\ucrt\string.h(119): note: 'strcpy' 선언을 참조하십시오.
c:\users\keyjj\documents\github\universityhomework\(3-1)게임서버 실습1(c, c++)\190603 finalproject4\190603 finalproject\multithreadtcpserver.cpp(123): warning C4996: 'inet_addr': Use inet_pton() or InetPton() instead or define _WINSOCK_DEPRECATED_NO_WARNINGS to disable deprecated API warnings
  c:\program files (x86)\windows kits\8.1\include\um\winsock2.h(1850): note: 'inet_addr' 선언을 참조하십시오.
c:\users\keyjj\documents\github\universityhomework\(3-1)게임서버 실습1(c, c++)\190603 finalproject4\190603 finalproject\multithreadtcpserver.cpp(200): warning C4800: 'char': 'true' 또는 'false'로 bool 값을 강제하고 있습니다(성능 경고).
c:\users\keyjj\documents\github\universityhomework\(3-1)게임서버 실습1(c, c++)\190603 finalproject4\190603 finalproject\multithreadtcpserver.cpp(205): warning C4996: 'fopen': This function or variable may be unsafe. Consider using fopen_s instead. To disable deprecation, use _CRT_SECURE_NO_WARNINGS. See online help for details.
  c:\program files (x86)\windows kits\10\include\10.0.10240.0\ucrt\stdio.h(205): note: 'fopen' 선언을 참조하십시오.
c:\users\keyjj\documents\github\universityhomework\(3-1)게임서버 실습1(c, c++)\190603 finalproject4\190603 finalproject\multithreadtcpserver.cpp(261): warning C4996: 'inet_ntoa': Use inet_ntop() or InetNtop() instead or define _WINSOCK_DEPRECATED_NO_WARNINGS to disable deprecated API warnings
  c:\program files (x86)\windows kits\8.1\include\um\winsock2.h(1868): note: 'inet_ntoa' 선언을 참조하십시오.
c:\users\keyjj\documents\github\universityhomework\(3-1)게임서버 실습1(c, c++)\190603 finalproject4\190603 finalproject\multithreadtcpserver.cpp(275): warning C4996: 'inet_ntoa': Use inet_ntop() or InetNtop() instead or define _WINSOCK_DEPRECATED_NO_WARNINGS to disable deprecated API warnings
  c:\program files (x86)\windows kits\8.1\include\um\winsock2.h(1868): note: 'inet_ntoa' 선언을 참조하십시오.
c:\users\keyjj\documents\github\universityhomework\(3-1)게임서버 실습1(c, c++)\190603 finalproject4\190603 finalproject\multithreadtcpserver.cpp(279): warning C4996: 'fopen': This function or variable may be unsafe. Consider using fopen_s instead. To disable deprecation, use _CRT_SECURE_NO_WARNINGS. See online help for details.
  c:\program files (x86)\windows kits\10\include\10.0.10240.0\ucrt\stdio.h(205): note: 'fopen' 선언을 참조하십시오.
c:\users\keyjj\documents\github\universityhomework\(3-1)게임서버 실습1(c, c++)\190603 finalproject4\190603 finalproject\multithreadtcpserver.cpp(283): warning C4996: 'localtime': This function or variable may be unsafe. Consider using localtime_s instead. To disable deprecation, use _CRT_SECURE_NO_WARNINGS. See online help for details.
  c:\program files (x86)\windows kits\10\include\10.0.10240.0\ucrt\time.h(505): note: 'localtime' 선언을 참조하십시오.
c:\users\keyjj\documents\github\universityhomework\(3-1)게임서버 실습1(c, c++)\190603 finalproject4\190603 finalproject\multithreadtcpserver.cpp(295): warning C4996: 'inet_ntoa': Use inet_ntop() or InetNtop() instead or define _WINSOCK_DEPRECATED_NO_WARNINGS to disable deprecated API warnings
  c:\program files (x86)\windows kits\8.1\include\um\winsock2.h(1868): note: 'inet_ntoa' 선언을 참조하십시오.
c:\users\keyjj\documents\github\universityhomework\(3-1)게임서버 실습1(c, c++)\190603 finalproject4\190603 finalproject\multithreadtcpserver.cpp(403): warning C4996: 'localtime': This function or variable may be unsafe. Consider using localtime_s instead. To disable deprecation, use _CRT_SECURE_NO_WARNINGS. See online help for details.
  c:\program files (x86)\windows kits\10\include\10.0.10240.0\ucrt\time.h(505): note: 'localtime' 선언을 참조하십시오.
c:\users\keyjj\documents\github\universityhomework\(3-1)게임서버 실습1(c, c++)\190603 finalproject4\190603 finalproject\multithreadtcpserver.cpp(450): warning C4996: 'inet_ntoa': Use inet_ntop() or InetNtop() instead or define _WINSOCK_DEPRECATED_NO_WARNINGS to disable deprecated API warnings
  c:\program files (x86)\windows kits\8.1\include\um\winsock2.h(1868): note: 'inet_ntoa' 선언을 참조하십시오.
c:\users\keyjj\documents\github\universityhomework\(3-1)게임서버 실습1(c, c++)\190603 finalproject4\190603 finalproject\multithreadtcpserver.cpp(453): warning C4996: 'fopen': This function or variable may be unsafe. Consider using fopen_s instead. To disable deprecation, use _CRT_SECURE_NO_WARNINGS. See online help for details.
  c:\program files (x86)\windows kits\10\include\10.0.10240.0\ucrt\stdio.h(205): note: 'fopen' 선언을 참조하십시오.
c:\users\keyjj\documents\github\universityhomework\(3-1)게임서버 실습1(c, c++)\190603 finalproject4\190603 finalproject\multithreadtcpserver.cpp(463): warning C4996: 'inet_ntoa': Use inet_ntop() or InetNtop() instead or define _WINSOCK_DEPRECATED_NO_WARNINGS to disable deprecated API warnings
  c:\program files (x86)\windows kits\8.1\include\um\winsock2.h(1868): note: 'inet_ntoa' 선언을 참조하십시오.
  190603 FinalProject.vcxproj -> C:\Users\keyjj\Documents\GitHub\UniversityHomeWork\(3-1)게임서버 실습1(C, C++)\190603 FinalProject4\Debug\190603 FinalProject.exe
  190603 FinalProject.vcxproj -> C:\Users\keyjj\Documents\GitHub\UniversityHomeWork\(3-1)게임서버 실습1(C, C++)\190603 FinalProject4\Debug\190603 FinalProject.pdb (Full PDB)
