c:\users\keyjj\documents\github\universityhomework\(3-1)게임서버 실습1(c, c++)\190603 finalproject\190603 finalproject\debug\vc140.pdb
c:\users\keyjj\documents\github\universityhomework\(3-1)게임서버 실습1(c, c++)\190603 finalproject\190603 finalproject\debug\vc140.idb
c:\users\keyjj\documents\github\universityhomework\(3-1)게임서버 실습1(c, c++)\190603 finalproject\190603 finalproject\debug\multithreadtcpserver.obj
c:\users\keyjj\documents\github\universityhomework\(3-1)게임서버 실습1(c, c++)\190603 finalproject2\190603 finalproject\debug\vc140.pdb
c:\users\keyjj\documents\github\universityhomework\(3-1)게임서버 실습1(c, c++)\190603 finalproject2\190603 finalproject\debug\vc140.idb
c:\users\keyjj\documents\github\universityhomework\(3-1)게임서버 실습1(c, c++)\190603 finalproject2\190603 finalproject\debug\multithreadtcpserver.obj
c:\users\keyjj\documents\github\universityhomework\(3-1)게임서버 실습1(c, c++)\190603 finalproject3\190603 finalproject\debug\vc140.pdb
c:\users\keyjj\documents\github\universityhomework\(3-1)게임서버 실습1(c, c++)\190603 finalproject3\190603 finalproject\debug\vc140.idb
c:\users\keyjj\documents\github\universityhomework\(3-1)게임서버 실습1(c, c++)\190603 finalproject3\190603 finalproject\debug\multithreadtcpserver.obj
c:\users\keyjj\documents\github\universityhomework\(3-1)게임서버 실습1(c, c++)\190603 finalproject4\190603 finalproject\debug\vc140.pdb
c:\users\keyjj\documents\github\universityhomework\(3-1)게임서버 실습1(c, c++)\190603 finalproject4\190603 finalproject\debug\vc140.idb
c:\users\keyjj\documents\github\universityhomework\(3-1)게임서버 실습1(c, c++)\190603 finalproject4\190603 finalproject\debug\multithreadtcpserver.obj
c:\users\keyjj\documents\github\universityhomework\(3-1)게임서버 실습1(c, c++)\190603 finalproject\debug\190603 finalproject.ilk
c:\users\keyjj\documents\github\universityhomework\(3-1)게임서버 실습1(c, c++)\190603 finalproject\debug\190603 finalproject.exe
c:\users\keyjj\documents\github\universityhomework\(3-1)게임서버 실습1(c, c++)\190603 finalproject\debug\190603 finalproject.pdb
c:\users\keyjj\documents\github\universityhomework\(3-1)게임서버 실습1(c, c++)\190603 finalproject2\debug\190603 finalproject.ilk
c:\users\keyjj\documents\github\universityhomework\(3-1)게임서버 실습1(c, c++)\190603 finalproject2\debug\190603 finalproject.exe
c:\users\keyjj\documents\github\universityhomework\(3-1)게임서버 실습1(c, c++)\190603 finalproject2\debug\190603 finalproject.pdb
c:\users\keyjj\documents\github\universityhomework\(3-1)게임서버 실습1(c, c++)\190603 finalproject3\debug\190603 finalproject.ilk
c:\users\keyjj\documents\github\universityhomework\(3-1)게임서버 실습1(c, c++)\190603 finalproject3\debug\190603 finalproject.exe
c:\users\keyjj\documents\github\universityhomework\(3-1)게임서버 실습1(c, c++)\190603 finalproject3\debug\190603 finalproject.pdb
c:\users\keyjj\documents\github\universityhomework\(3-1)게임서버 실습1(c, c++)\190603 finalproject4\debug\190603 finalproject.ilk
c:\users\keyjj\documents\github\universityhomework\(3-1)게임서버 실습1(c, c++)\190603 finalproject4\debug\190603 finalproject.exe
c:\users\keyjj\documents\github\universityhomework\(3-1)게임서버 실습1(c, c++)\190603 finalproject4\debug\190603 finalproject.pdb
c:\users\keyjj\documents\github\universityhomework\(3-1)게임서버 실습1(c, c++)\190603 finalproject4\190603 finalproject\debug\190603 f.da2f6a43.tlog\cl.command.1.tlog
c:\users\keyjj\documents\github\universityhomework\(3-1)게임서버 실습1(c, c++)\190603 finalproject4\190603 finalproject\debug\190603 f.da2f6a43.tlog\cl.read.1.tlog
c:\users\keyjj\documents\github\universityhomework\(3-1)게임서버 실습1(c, c++)\190603 finalproject4\190603 finalproject\debug\190603 f.da2f6a43.tlog\cl.write.1.tlog
c:\users\keyjj\documents\github\universityhomework\(3-1)게임서버 실습1(c, c++)\190603 finalproject4\190603 finalproject\debug\190603 f.da2f6a43.tlog\link.command.1.tlog
c:\users\keyjj\documents\github\universityhomework\(3-1)게임서버 실습1(c, c++)\190603 finalproject4\190603 finalproject\debug\190603 f.da2f6a43.tlog\link.read.1.tlog
c:\users\keyjj\documents\github\universityhomework\(3-1)게임서버 실습1(c, c++)\190603 finalproject4\190603 finalproject\debug\190603 f.da2f6a43.tlog\link.write.1.tlog
