  main.cpp
c:\users\keyjj\documents\github\universityhomework\(3-1)게임서버 실습1(c, c++)\190320 server\190320 server\main.cpp(19): warning C4996: 'getenv': This function or variable may be unsafe. Consider using _dupenv_s instead. To disable deprecation, use _CRT_SECURE_NO_WARNINGS. See online help for details.
  c:\program files (x86)\windows kits\10\include\10.0.10240.0\ucrt\stdlib.h(1183): note: 'getenv' 선언을 참조하십시오.
c:\users\keyjj\documents\github\universityhomework\(3-1)게임서버 실습1(c, c++)\190320 server\190320 server\main.cpp(20): warning C4996: 'getenv': This function or variable may be unsafe. Consider using _dupenv_s instead. To disable deprecation, use _CRT_SECURE_NO_WARNINGS. See online help for details.
  c:\program files (x86)\windows kits\10\include\10.0.10240.0\ucrt\stdlib.h(1183): note: 'getenv' 선언을 참조하십시오.
c:\users\keyjj\documents\github\universityhomework\(3-1)게임서버 실습1(c, c++)\190320 server\190320 server\main.cpp(56): warning C4996: 'gethostbyname': Use getaddrinfo() or GetAddrInfoW() instead or define _WINSOCK_DEPRECATED_NO_WARNINGS to disable deprecated API warnings
  c:\program files (x86)\windows kits\8.1\include\um\winsock2.h(2238): note: 'gethostbyname' 선언을 참조하십시오.
c:\users\keyjj\documents\github\universityhomework\(3-1)게임서버 실습1(c, c++)\190320 server\190320 server\main.cpp(70): warning C4996: 'inet_ntoa': Use inet_ntop() or InetNtop() instead or define _WINSOCK_DEPRECATED_NO_WARNINGS to disable deprecated API warnings
  c:\program files (x86)\windows kits\8.1\include\um\winsock2.h(1868): note: 'inet_ntoa' 선언을 참조하십시오.
c:\users\keyjj\documents\github\universityhomework\(3-1)게임서버 실습1(c, c++)\190320 server\190320 server\main.cpp(75): warning C4996: 'inet_addr': Use inet_pton() or InetPton() instead or define _WINSOCK_DEPRECATED_NO_WARNINGS to disable deprecated API warnings
  c:\program files (x86)\windows kits\8.1\include\um\winsock2.h(1850): note: 'inet_addr' 선언을 참조하십시오.
c:\users\keyjj\documents\github\universityhomework\(3-1)게임서버 실습1(c, c++)\190320 server\190320 server\main.cpp(76): warning C4996: 'inet_ntoa': Use inet_ntop() or InetNtop() instead or define _WINSOCK_DEPRECATED_NO_WARNINGS to disable deprecated API warnings
  c:\program files (x86)\windows kits\8.1\include\um\winsock2.h(1868): note: 'inet_ntoa' 선언을 참조하십시오.
c:\users\keyjj\documents\github\universityhomework\(3-1)게임서버 실습1(c, c++)\190320 server\190320 server\main.cpp(87): warning C4996: 'localtime': This function or variable may be unsafe. Consider using localtime_s instead. To disable deprecation, use _CRT_SECURE_NO_WARNINGS. See online help for details.
  c:\program files (x86)\windows kits\10\include\10.0.10240.0\ucrt\time.h(505): note: 'localtime' 선언을 참조하십시오.
c:\users\keyjj\documents\github\universityhomework\(3-1)게임서버 실습1(c, c++)\190320 server\190320 server\main.cpp(126): warning C4996: 'gethostbyname': Use getaddrinfo() or GetAddrInfoW() instead or define _WINSOCK_DEPRECATED_NO_WARNINGS to disable deprecated API warnings
  c:\program files (x86)\windows kits\8.1\include\um\winsock2.h(2238): note: 'gethostbyname' 선언을 참조하십시오.
c:\users\keyjj\documents\github\universityhomework\(3-1)게임서버 실습1(c, c++)\190320 server\190320 server\main.cpp(142): warning C4996: 'gethostbyaddr': Use getnameinfo() or GetNameInfoW() instead or define _WINSOCK_DEPRECATED_NO_WARNINGS to disable deprecated API warnings
  c:\program files (x86)\windows kits\8.1\include\um\winsock2.h(2216): note: 'gethostbyaddr' 선언을 참조하십시오.
c:\users\keyjj\documents\github\universityhomework\(3-1)게임서버 실습1(c, c++)\190320 server\190320 server\main.cpp(148): warning C4996: 'strcpy': This function or variable may be unsafe. Consider using strcpy_s instead. To disable deprecation, use _CRT_SECURE_NO_WARNINGS. See online help for details.
  c:\program files (x86)\windows kits\10\include\10.0.10240.0\ucrt\string.h(119): note: 'strcpy' 선언을 참조하십시오.
  190320 Server.vcxproj -> C:\Users\keyjj\Documents\GitHub\UniversityHomeWork\(3-1)게임서버 실습1(C, C++)\190320 Server\x64\Debug\190320 Server.exe
  190320 Server.vcxproj -> C:\Users\keyjj\Documents\GitHub\UniversityHomeWork\(3-1)게임서버 실습1(C, C++)\190320 Server\x64\Debug\190320 Server.pdb (Full PDB)
